<?xml version="1.0" encoding="UTF-8"?>
<testsuite xmlns:xsi="http://www.w3.org/2001/XMLSchema-instance" xsi:noNamespaceSchemaLocation="https://maven.apache.org/surefire/maven-surefire-plugin/xsd/surefire-test-report-3.0.xsd" version="3.0" name="dk.sdu.mmmi.cbse.collision.CollisionDetectorTest" time="0.126" tests="1" errors="0" skipped="0" failures="0">
  <properties>
    <property name="java.specification.version" value="17"/>
    <property name="sun.jnu.encoding" value="UTF-8"/>
    <property name="java.class.path" value="/Users/niklashaim/Documents/CBSE/Asteroids/HaimAsteroids/Collision/target/test-classes:/Users/niklashaim/.m2/repository/event-data-common/event-data-common/0.1.60/event-data-common-0.1.60.jar:/Users/niklashaim/.m2/repository/org/clojure/clojure/1.9.0/clojure-1.9.0.jar:/Users/niklashaim/.m2/repository/org/clojure/spec.alpha/0.1.143/spec.alpha-0.1.143.jar:/Users/niklashaim/.m2/repository/org/clojure/core.specs.alpha/0.1.24/core.specs.alpha-0.1.24.jar:/Users/niklashaim/.m2/repository/clj-http/clj-http/3.4.1/clj-http-3.4.1.jar:/Users/niklashaim/.m2/repository/org/apache/httpcomponents/httpcore/4.4.5/httpcore-4.4.5.jar:/Users/niklashaim/.m2/repository/org/apache/httpcomponents/httpclient/4.5.2/httpclient-4.5.2.jar:/Users/niklashaim/.m2/repository/commons-logging/commons-logging/1.2/commons-logging-1.2.jar:/Users/niklashaim/.m2/repository/org/apache/httpcomponents/httpasyncclient/4.1.2/httpasyncclient-4.1.2.jar:/Users/niklashaim/.m2/repository/org/apache/httpcomponents/httpcore-nio/4.4.5/httpcore-nio-4.4.5.jar:/Users/niklashaim/.m2/repository/org/apache/httpcomponents/httpmime/4.5.2/httpmime-4.5.2.jar:/Users/niklashaim/.m2/repository/commons-codec/commons-codec/1.10/commons-codec-1.10.jar:/Users/niklashaim/.m2/repository/commons-io/commons-io/2.5/commons-io-2.5.jar:/Users/niklashaim/.m2/repository/potemkin/potemkin/0.4.3/potemkin-0.4.3.jar:/Users/niklashaim/.m2/repository/clj-tuple/clj-tuple/0.2.2/clj-tuple-0.2.2.jar:/Users/niklashaim/.m2/repository/riddley/riddley/0.1.12/riddley-0.1.12.jar:/Users/niklashaim/.m2/repository/clj-http-fake/clj-http-fake/1.0.3/clj-http-fake-1.0.3.jar:/Users/niklashaim/.m2/repository/org/clojure/math.combinatorics/0.1.3/math.combinatorics-0.1.3.jar:/Users/niklashaim/.m2/repository/robert/hooke/1.3.0/hooke-1.3.0.jar:/Users/niklashaim/.m2/repository/ring/ring-codec/1.0.1/ring-codec-1.0.1.jar:/Users/niklashaim/.m2/repository/clj-time/clj-time/0.12.2/clj-time-0.12.2.jar:/Users/niklashaim/.m2/repository/joda-time/joda-time/2.9.4/joda-time-2.9.4.jar:/Users/niklashaim/.m2/repository/com/amazonaws/aws-java-sdk/1.11.61/aws-java-sdk-1.11.61.jar:/Users/niklashaim/.m2/repository/com/amazonaws/aws-java-sdk-support/1.11.61/aws-java-sdk-support-1.11.61.jar:/Users/niklashaim/.m2/repository/com/amazonaws/jmespath-java/1.11.61/jmespath-java-1.11.61.jar:/Users/niklashaim/.m2/repository/com/amazonaws/aws-java-sdk-simpledb/1.11.61/aws-java-sdk-simpledb-1.11.61.jar:/Users/niklashaim/.m2/repository/com/amazonaws/aws-java-sdk-servicecatalog/1.11.61/aws-java-sdk-servicecatalog-1.11.61.jar:/Users/niklashaim/.m2/repository/com/amazonaws/aws-java-sdk-servermigration/1.11.61/aws-java-sdk-servermigration-1.11.61.jar:/Users/niklashaim/.m2/repository/com/amazonaws/aws-java-sdk-simpleworkflow/1.11.61/aws-java-sdk-simpleworkflow-1.11.61.jar:/Users/niklashaim/.m2/repository/com/amazonaws/aws-java-sdk-storagegateway/1.11.61/aws-java-sdk-storagegateway-1.11.61.jar:/Users/niklashaim/.m2/repository/com/amazonaws/aws-java-sdk-route53/1.11.61/aws-java-sdk-route53-1.11.61.jar:/Users/niklashaim/.m2/repository/com/amazonaws/aws-java-sdk-s3/1.11.61/aws-java-sdk-s3-1.11.61.jar:/Users/niklashaim/.m2/repository/com/amazonaws/aws-java-sdk-importexport/1.11.61/aws-java-sdk-importexport-1.11.61.jar:/Users/niklashaim/.m2/repository/com/amazonaws/aws-java-sdk-sts/1.11.61/aws-java-sdk-sts-1.11.61.jar:/Users/niklashaim/.m2/repository/com/amazonaws/aws-java-sdk-sqs/1.11.61/aws-java-sdk-sqs-1.11.61.jar:/Users/niklashaim/.m2/repository/com/amazonaws/aws-java-sdk-rds/1.11.61/aws-java-sdk-rds-1.11.61.jar:/Users/niklashaim/.m2/repository/com/amazonaws/aws-java-sdk-redshift/1.11.61/aws-java-sdk-redshift-1.11.61.jar:/Users/niklashaim/.m2/repository/com/amazonaws/aws-java-sdk-elasticbeanstalk/1.11.61/aws-java-sdk-elasticbeanstalk-1.11.61.jar:/Users/niklashaim/.m2/repository/com/amazonaws/aws-java-sdk-glacier/1.11.61/aws-java-sdk-glacier-1.11.61.jar:/Users/niklashaim/.m2/repository/com/amazonaws/aws-java-sdk-iam/1.11.61/aws-java-sdk-iam-1.11.61.jar:/Users/niklashaim/.m2/repository/com/amazonaws/aws-java-sdk-datapipeline/1.11.61/aws-java-sdk-datapipeline-1.11.61.jar:/Users/niklashaim/.m2/repository/com/amazonaws/aws-java-sdk-elasticloadbalancing/1.11.61/aws-java-sdk-elasticloadbalancing-1.11.61.jar:/Users/niklashaim/.m2/repository/com/amazonaws/aws-java-sdk-elasticloadbalancingv2/1.11.61/aws-java-sdk-elasticloadbalancingv2-1.11.61.jar:/Users/niklashaim/.m2/repository/com/amazonaws/aws-java-sdk-emr/1.11.61/aws-java-sdk-emr-1.11.61.jar:/Users/niklashaim/.m2/repository/com/amazonaws/aws-java-sdk-elasticache/1.11.61/aws-java-sdk-elasticache-1.11.61.jar:/Users/niklashaim/.m2/repository/com/amazonaws/aws-java-sdk-elastictranscoder/1.11.61/aws-java-sdk-elastictranscoder-1.11.61.jar:/Users/niklashaim/.m2/repository/com/amazonaws/aws-java-sdk-ec2/1.11.61/aws-java-sdk-ec2-1.11.61.jar:/Users/niklashaim/.m2/repository/com/amazonaws/aws-java-sdk-dynamodb/1.11.61/aws-java-sdk-dynamodb-1.11.61.jar:/Users/niklashaim/.m2/repository/com/amazonaws/aws-java-sdk-sns/1.11.61/aws-java-sdk-sns-1.11.61.jar:/Users/niklashaim/.m2/repository/com/amazonaws/aws-java-sdk-budgets/1.11.61/aws-java-sdk-budgets-1.11.61.jar:/Users/niklashaim/.m2/repository/com/amazonaws/aws-java-sdk-cloudtrail/1.11.61/aws-java-sdk-cloudtrail-1.11.61.jar:/Users/niklashaim/.m2/repository/com/amazonaws/aws-java-sdk-cloudwatch/1.11.61/aws-java-sdk-cloudwatch-1.11.61.jar:/Users/niklashaim/.m2/repository/com/amazonaws/aws-java-sdk-logs/1.11.61/aws-java-sdk-logs-1.11.61.jar:/Users/niklashaim/.m2/repository/com/amazonaws/aws-java-sdk-events/1.11.61/aws-java-sdk-events-1.11.61.jar:/Users/niklashaim/.m2/repository/com/amazonaws/aws-java-sdk-cognitoidentity/1.11.61/aws-java-sdk-cognitoidentity-1.11.61.jar:/Users/niklashaim/.m2/repository/com/amazonaws/aws-java-sdk-cognitosync/1.11.61/aws-java-sdk-cognitosync-1.11.61.jar:/Users/niklashaim/.m2/repository/com/amazonaws/aws-java-sdk-directconnect/1.11.61/aws-java-sdk-directconnect-1.11.61.jar:/Users/niklashaim/.m2/repository/com/amazonaws/aws-java-sdk-cloudformation/1.11.61/aws-java-sdk-cloudformation-1.11.61.jar:/Users/niklashaim/.m2/repository/com/amazonaws/aws-java-sdk-cloudfront/1.11.61/aws-java-sdk-cloudfront-1.11.61.jar:/Users/niklashaim/.m2/repository/com/amazonaws/aws-java-sdk-kinesis/1.11.61/aws-java-sdk-kinesis-1.11.61.jar:/Users/niklashaim/.m2/repository/com/amazonaws/aws-java-sdk-opsworks/1.11.61/aws-java-sdk-opsworks-1.11.61.jar:/Users/niklashaim/.m2/repository/com/amazonaws/aws-java-sdk-ses/1.11.61/aws-java-sdk-ses-1.11.61.jar:/Users/niklashaim/.m2/repository/com/amazonaws/aws-java-sdk-autoscaling/1.11.61/aws-java-sdk-autoscaling-1.11.61.jar:/Users/niklashaim/.m2/repository/com/amazonaws/aws-java-sdk-cloudsearch/1.11.61/aws-java-sdk-cloudsearch-1.11.61.jar:/Users/niklashaim/.m2/repository/com/amazonaws/aws-java-sdk-cloudwatchmetrics/1.11.61/aws-java-sdk-cloudwatchmetrics-1.11.61.jar:/Users/niklashaim/.m2/repository/com/amazonaws/aws-java-sdk-codedeploy/1.11.61/aws-java-sdk-codedeploy-1.11.61.jar:/Users/niklashaim/.m2/repository/com/amazonaws/aws-java-sdk-codepipeline/1.11.61/aws-java-sdk-codepipeline-1.11.61.jar:/Users/niklashaim/.m2/repository/com/amazonaws/aws-java-sdk-kms/1.11.61/aws-java-sdk-kms-1.11.61.jar:/Users/niklashaim/.m2/repository/com/amazonaws/aws-java-sdk-config/1.11.61/aws-java-sdk-config-1.11.61.jar:/Users/niklashaim/.m2/repository/com/amazonaws/aws-java-sdk-lambda/1.11.61/aws-java-sdk-lambda-1.11.61.jar:/Users/niklashaim/.m2/repository/com/amazonaws/aws-java-sdk-ecs/1.11.61/aws-java-sdk-ecs-1.11.61.jar:/Users/niklashaim/.m2/repository/com/amazonaws/aws-java-sdk-ecr/1.11.61/aws-java-sdk-ecr-1.11.61.jar:/Users/niklashaim/.m2/repository/com/amazonaws/aws-java-sdk-cloudhsm/1.11.61/aws-java-sdk-cloudhsm-1.11.61.jar:/Users/niklashaim/.m2/repository/com/amazonaws/aws-java-sdk-ssm/1.11.61/aws-java-sdk-ssm-1.11.61.jar:/Users/niklashaim/.m2/repository/com/amazonaws/aws-java-sdk-workspaces/1.11.61/aws-java-sdk-workspaces-1.11.61.jar:/Users/niklashaim/.m2/repository/com/amazonaws/aws-java-sdk-machinelearning/1.11.61/aws-java-sdk-machinelearning-1.11.61.jar:/Users/niklashaim/.m2/repository/com/amazonaws/aws-java-sdk-directory/1.11.61/aws-java-sdk-directory-1.11.61.jar:/Users/niklashaim/.m2/repository/com/amazonaws/aws-java-sdk-efs/1.11.61/aws-java-sdk-efs-1.11.61.jar:/Users/niklashaim/.m2/repository/com/amazonaws/aws-java-sdk-codecommit/1.11.61/aws-java-sdk-codecommit-1.11.61.jar:/Users/niklashaim/.m2/repository/com/amazonaws/aws-java-sdk-devicefarm/1.11.61/aws-java-sdk-devicefarm-1.11.61.jar:/Users/niklashaim/.m2/repository/com/amazonaws/aws-java-sdk-elasticsearch/1.11.61/aws-java-sdk-elasticsearch-1.11.61.jar:/Users/niklashaim/.m2/repository/com/amazonaws/aws-java-sdk-waf/1.11.61/aws-java-sdk-waf-1.11.61.jar:/Users/niklashaim/.m2/repository/com/amazonaws/aws-java-sdk-marketplacecommerceanalytics/1.11.61/aws-java-sdk-marketplacecommerceanalytics-1.11.61.jar:/Users/niklashaim/.m2/repository/com/amazonaws/aws-java-sdk-inspector/1.11.61/aws-java-sdk-inspector-1.11.61.jar:/Users/niklashaim/.m2/repository/com/amazonaws/aws-java-sdk-iot/1.11.61/aws-java-sdk-iot-1.11.61.jar:/Users/niklashaim/.m2/repository/com/amazonaws/aws-java-sdk-api-gateway/1.11.61/aws-java-sdk-api-gateway-1.11.61.jar:/Users/niklashaim/.m2/repository/com/amazonaws/aws-java-sdk-acm/1.11.61/aws-java-sdk-acm-1.11.61.jar:/Users/niklashaim/.m2/repository/com/amazonaws/aws-java-sdk-gamelift/1.11.61/aws-java-sdk-gamelift-1.11.61.jar:/Users/niklashaim/.m2/repository/com/amazonaws/aws-java-sdk-dms/1.11.61/aws-java-sdk-dms-1.11.61.jar:/Users/niklashaim/.m2/repository/com/amazonaws/aws-java-sdk-marketplacemeteringservice/1.11.61/aws-java-sdk-marketplacemeteringservice-1.11.61.jar:/Users/niklashaim/.m2/repository/com/amazonaws/aws-java-sdk-cognitoidp/1.11.61/aws-java-sdk-cognitoidp-1.11.61.jar:/Users/niklashaim/.m2/repository/com/amazonaws/aws-java-sdk-discovery/1.11.61/aws-java-sdk-discovery-1.11.61.jar:/Users/niklashaim/.m2/repository/com/amazonaws/aws-java-sdk-applicationautoscaling/1.11.61/aws-java-sdk-applicationautoscaling-1.11.61.jar:/Users/niklashaim/.m2/repository/com/amazonaws/aws-java-sdk-snowball/1.11.61/aws-java-sdk-snowball-1.11.61.jar:/Users/niklashaim/.m2/repository/com/amazonaws/aws-java-sdk-core/1.11.61/aws-java-sdk-core-1.11.61.jar:/Users/niklashaim/.m2/repository/software/amazon/ion/ion-java/1.0.1/ion-java-1.0.1.jar:/Users/niklashaim/.m2/repository/com/fasterxml/jackson/core/jackson-databind/2.6.6/jackson-databind-2.6.6.jar:/Users/niklashaim/.m2/repository/com/fasterxml/jackson/core/jackson-annotations/2.6.0/jackson-annotations-2.6.0.jar:/Users/niklashaim/.m2/repository/com/amazonaws/aws-java-sdk-models/1.11.61/aws-java-sdk-models-1.11.61.jar:/Users/niklashaim/.m2/repository/com/amazonaws/aws-java-sdk-swf-libraries/1.11.22/aws-java-sdk-swf-libraries-1.11.22.jar:/Users/niklashaim/.m2/repository/com/auth0/java-jwt/2.2.1/java-jwt-2.2.1.jar:/Users/niklashaim/.m2/repository/compojure/compojure/1.5.1/compojure-1.5.1.jar:/Users/niklashaim/.m2/repository/org/clojure/tools.macro/0.1.5/tools.macro-0.1.5.jar:/Users/niklashaim/.m2/repository/clout/clout/2.1.2/clout-2.1.2.jar:/Users/niklashaim/.m2/repository/instaparse/instaparse/1.4.0/instaparse-1.4.0.jar:/Users/niklashaim/.m2/repository/medley/medley/0.8.2/medley-0.8.2.jar:/Users/niklashaim/.m2/repository/ring/ring-core/1.5.0/ring-core-1.5.0.jar:/Users/niklashaim/.m2/repository/org/clojure/tools.reader/0.9.1/tools.reader-0.9.1.jar:/Users/niklashaim/.m2/repository/commons-fileupload/commons-fileupload/1.3.1/commons-fileupload-1.3.1.jar:/Users/niklashaim/.m2/repository/crypto-random/crypto-random/1.2.0/crypto-random-1.2.0.jar:/Users/niklashaim/.m2/repository/crypto-equality/crypto-equality/1.0.0/crypto-equality-1.0.0.jar:/Users/niklashaim/.m2/repository/liberator/liberator/0.14.1/liberator-0.14.1.jar:/Users/niklashaim/.m2/repository/org/clojure/data.csv/0.1.2/data.csv-0.1.2.jar:/Users/niklashaim/.m2/repository/hiccup/hiccup/1.0.3/hiccup-1.0.3.jar:/Users/niklashaim/.m2/repository/org/apache/kafka/kafka-clients/0.11.0.0/kafka-clients-0.11.0.0.jar:/Users/niklashaim/.m2/repository/net/jpountz/lz4/lz4/1.3.0/lz4-1.3.0.jar:/Users/niklashaim/.m2/repository/org/xerial/snappy/snappy-java/1.1.2.6/snappy-java-1.1.2.6.jar:/Users/niklashaim/.m2/repository/org/clojure/core.async/0.4.474/core.async-0.4.474.jar:/Users/niklashaim/.m2/repository/org/clojure/tools.analyzer.jvm/0.7.0/tools.analyzer.jvm-0.7.0.jar:/Users/niklashaim/.m2/repository/org/clojure/tools.analyzer/0.6.9/tools.analyzer-0.6.9.jar:/Users/niklashaim/.m2/repository/org/clojure/core.memoize/0.5.9/core.memoize-0.5.9.jar:/Users/niklashaim/.m2/repository/org/ow2/asm/asm-all/4.2/asm-all-4.2.jar:/Users/niklashaim/.m2/repository/org/clojure/data.json/0.2.6/data.json-0.2.6.jar:/Users/niklashaim/.m2/repository/org/clojure/tools.logging/0.3.1/tools.logging-0.3.1.jar:/Users/niklashaim/.m2/repository/org/clojure/tools.nrepl/0.2.12/tools.nrepl-0.2.12.jar:/Users/niklashaim/.m2/repository/overtone/at-at/1.2.0/at-at-1.2.0.jar:/Users/niklashaim/.m2/repository/redis/clients/jedis/2.8.0/jedis-2.8.0.jar:/Users/niklashaim/.m2/repository/org/apache/commons/commons-pool2/2.3/commons-pool2-2.3.jar:/Users/niklashaim/.m2/repository/ring/ring/1.5.0/ring-1.5.0.jar:/Users/niklashaim/.m2/repository/ring/ring-devel/1.5.0/ring-devel-1.5.0.jar:/Users/niklashaim/.m2/repository/clj-stacktrace/clj-stacktrace/0.2.8/clj-stacktrace-0.2.8.jar:/Users/niklashaim/.m2/repository/ns-tracker/ns-tracker/0.3.0/ns-tracker-0.3.0.jar:/Users/niklashaim/.m2/repository/org/clojure/tools.namespace/0.2.10/tools.namespace-0.2.10.jar:/Users/niklashaim/.m2/repository/org/clojure/java.classpath/0.2.2/java.classpath-0.2.2.jar:/Users/niklashaim/.m2/repository/ring/ring-jetty-adapter/1.5.0/ring-jetty-adapter-1.5.0.jar:/Users/niklashaim/.m2/repository/org/eclipse/jetty/jetty-server/9.2.10.v20150310/jetty-server-9.2.10.v20150310.jar:/Users/niklashaim/.m2/repository/javax/servlet/javax.servlet-api/3.1.0/javax.servlet-api-3.1.0.jar:/Users/niklashaim/.m2/repository/org/eclipse/jetty/jetty-http/9.2.10.v20150310/jetty-http-9.2.10.v20150310.jar:/Users/niklashaim/.m2/repository/org/eclipse/jetty/jetty-util/9.2.10.v20150310/jetty-util-9.2.10.v20150310.jar:/Users/niklashaim/.m2/repository/org/eclipse/jetty/jetty-io/9.2.10.v20150310/jetty-io-9.2.10.v20150310.jar:/Users/niklashaim/.m2/repository/ring/ring-servlet/1.5.0/ring-servlet-1.5.0.jar:/Users/niklashaim/.m2/repository/robert/bruce/0.8.0/bruce-0.8.0.jar:/Users/niklashaim/.m2/repository/yogthos/config/0.8/config-0.8.jar:/Users/niklashaim/.m2/repository/com/fzakaria/slf4j-timbre/0.3.7/slf4j-timbre-0.3.7.jar:/Users/niklashaim/.m2/repository/org/slf4j/slf4j-api/1.7.14/slf4j-api-1.7.14.jar:/Users/niklashaim/.m2/repository/com/taoensso/timbre/4.10.0/timbre-4.10.0.jar:/Users/niklashaim/.m2/repository/com/taoensso/encore/2.91.0/encore-2.91.0.jar:/Users/niklashaim/.m2/repository/com/taoensso/truss/1.5.0/truss-1.5.0.jar:/Users/niklashaim/.m2/repository/io/aviso/pretty/0.1.33/pretty-0.1.33.jar:/Users/niklashaim/.m2/repository/cheshire/cheshire/5.7.0/cheshire-5.7.0.jar:/Users/niklashaim/.m2/repository/com/fasterxml/jackson/core/jackson-core/2.8.6/jackson-core-2.8.6.jar:/Users/niklashaim/.m2/repository/com/fasterxml/jackson/dataformat/jackson-dataformat-smile/2.8.6/jackson-dataformat-smile-2.8.6.jar:/Users/niklashaim/.m2/repository/com/fasterxml/jackson/dataformat/jackson-dataformat-cbor/2.8.6/jackson-dataformat-cbor-2.8.6.jar:/Users/niklashaim/.m2/repository/tigris/tigris/0.1.1/tigris-0.1.1.jar:/Users/niklashaim/.m2/repository/com/climate/claypoole/1.1.4/claypoole-1.1.4.jar:/Users/niklashaim/.m2/repository/org/clojure/core.cache/0.7.1/core.cache-0.7.1.jar:/Users/niklashaim/.m2/repository/org/clojure/data.priority-map/0.0.7/data.priority-map-0.0.7.jar:/Users/niklashaim/.m2/repository/crossref-util/crossref-util/0.1.15/crossref-util-0.1.15.jar:/Users/niklashaim/.m2/repository/http-kit/http-kit/2.1.16/http-kit-2.1.16.jar:/Users/niklashaim/.m2/repository/slingshot/slingshot/0.12.2/slingshot-0.12.2.jar:/Users/niklashaim/.m2/repository/org/junit/jupiter/junit-jupiter-api/5.6.0/junit-jupiter-api-5.6.0.jar:/Users/niklashaim/.m2/repository/org/apiguardian/apiguardian-api/1.1.0/apiguardian-api-1.1.0.jar:/Users/niklashaim/.m2/repository/org/opentest4j/opentest4j/1.2.0/opentest4j-1.2.0.jar:/Users/niklashaim/.m2/repository/org/junit/platform/junit-platform-commons/1.6.0/junit-platform-commons-1.6.0.jar:/Users/niklashaim/.m2/repository/org/junit/jupiter/junit-jupiter-params/5.6.0/junit-jupiter-params-5.6.0.jar:/Users/niklashaim/.m2/repository/org/junit/jupiter/junit-jupiter-engine/5.6.0/junit-jupiter-engine-5.6.0.jar:/Users/niklashaim/.m2/repository/org/junit/platform/junit-platform-engine/1.6.0/junit-platform-engine-1.6.0.jar:"/>
    <property name="java.vm.vendor" value="Oracle Corporation"/>
    <property name="sun.arch.data.model" value="64"/>
    <property name="java.vendor.url" value="https://java.oracle.com/"/>
    <property name="os.name" value="Mac OS X"/>
    <property name="java.vm.specification.version" value="17"/>
    <property name="sun.java.launcher" value="SUN_STANDARD"/>
    <property name="user.country" value="DK"/>
    <property name="sun.boot.library.path" value="/Users/niklashaim/Library/Java/JavaVirtualMachines/openjdk-17.0.1/Contents/Home/lib"/>
    <property name="sun.java.command" value="org.apache.maven.surefire.booter.ForkedBooter /Users/niklashaim/Documents/CBSE/Asteroids/HaimAsteroids/Collision/target/surefire 2023-05-31T12-59-37_474-jvmRun1 surefire-20230531125938576_1tmp surefire_0-20230531125938576_2tmp"/>
    <property name="http.nonProxyHosts" value="local|*.local|169.254/16|*.169.254/16"/>
    <property name="jdk.debug" value="release"/>
    <property name="surefire.test.class.path" value="/Users/niklashaim/Documents/CBSE/Asteroids/HaimAsteroids/Collision/target/test-classes:/Users/niklashaim/.m2/repository/event-data-common/event-data-common/0.1.60/event-data-common-0.1.60.jar:/Users/niklashaim/.m2/repository/org/clojure/clojure/1.9.0/clojure-1.9.0.jar:/Users/niklashaim/.m2/repository/org/clojure/spec.alpha/0.1.143/spec.alpha-0.1.143.jar:/Users/niklashaim/.m2/repository/org/clojure/core.specs.alpha/0.1.24/core.specs.alpha-0.1.24.jar:/Users/niklashaim/.m2/repository/clj-http/clj-http/3.4.1/clj-http-3.4.1.jar:/Users/niklashaim/.m2/repository/org/apache/httpcomponents/httpcore/4.4.5/httpcore-4.4.5.jar:/Users/niklashaim/.m2/repository/org/apache/httpcomponents/httpclient/4.5.2/httpclient-4.5.2.jar:/Users/niklashaim/.m2/repository/commons-logging/commons-logging/1.2/commons-logging-1.2.jar:/Users/niklashaim/.m2/repository/org/apache/httpcomponents/httpasyncclient/4.1.2/httpasyncclient-4.1.2.jar:/Users/niklashaim/.m2/repository/org/apache/httpcomponents/httpcore-nio/4.4.5/httpcore-nio-4.4.5.jar:/Users/niklashaim/.m2/repository/org/apache/httpcomponents/httpmime/4.5.2/httpmime-4.5.2.jar:/Users/niklashaim/.m2/repository/commons-codec/commons-codec/1.10/commons-codec-1.10.jar:/Users/niklashaim/.m2/repository/commons-io/commons-io/2.5/commons-io-2.5.jar:/Users/niklashaim/.m2/repository/potemkin/potemkin/0.4.3/potemkin-0.4.3.jar:/Users/niklashaim/.m2/repository/clj-tuple/clj-tuple/0.2.2/clj-tuple-0.2.2.jar:/Users/niklashaim/.m2/repository/riddley/riddley/0.1.12/riddley-0.1.12.jar:/Users/niklashaim/.m2/repository/clj-http-fake/clj-http-fake/1.0.3/clj-http-fake-1.0.3.jar:/Users/niklashaim/.m2/repository/org/clojure/math.combinatorics/0.1.3/math.combinatorics-0.1.3.jar:/Users/niklashaim/.m2/repository/robert/hooke/1.3.0/hooke-1.3.0.jar:/Users/niklashaim/.m2/repository/ring/ring-codec/1.0.1/ring-codec-1.0.1.jar:/Users/niklashaim/.m2/repository/clj-time/clj-time/0.12.2/clj-time-0.12.2.jar:/Users/niklashaim/.m2/repository/joda-time/joda-time/2.9.4/joda-time-2.9.4.jar:/Users/niklashaim/.m2/repository/com/amazonaws/aws-java-sdk/1.11.61/aws-java-sdk-1.11.61.jar:/Users/niklashaim/.m2/repository/com/amazonaws/aws-java-sdk-support/1.11.61/aws-java-sdk-support-1.11.61.jar:/Users/niklashaim/.m2/repository/com/amazonaws/jmespath-java/1.11.61/jmespath-java-1.11.61.jar:/Users/niklashaim/.m2/repository/com/amazonaws/aws-java-sdk-simpledb/1.11.61/aws-java-sdk-simpledb-1.11.61.jar:/Users/niklashaim/.m2/repository/com/amazonaws/aws-java-sdk-servicecatalog/1.11.61/aws-java-sdk-servicecatalog-1.11.61.jar:/Users/niklashaim/.m2/repository/com/amazonaws/aws-java-sdk-servermigration/1.11.61/aws-java-sdk-servermigration-1.11.61.jar:/Users/niklashaim/.m2/repository/com/amazonaws/aws-java-sdk-simpleworkflow/1.11.61/aws-java-sdk-simpleworkflow-1.11.61.jar:/Users/niklashaim/.m2/repository/com/amazonaws/aws-java-sdk-storagegateway/1.11.61/aws-java-sdk-storagegateway-1.11.61.jar:/Users/niklashaim/.m2/repository/com/amazonaws/aws-java-sdk-route53/1.11.61/aws-java-sdk-route53-1.11.61.jar:/Users/niklashaim/.m2/repository/com/amazonaws/aws-java-sdk-s3/1.11.61/aws-java-sdk-s3-1.11.61.jar:/Users/niklashaim/.m2/repository/com/amazonaws/aws-java-sdk-importexport/1.11.61/aws-java-sdk-importexport-1.11.61.jar:/Users/niklashaim/.m2/repository/com/amazonaws/aws-java-sdk-sts/1.11.61/aws-java-sdk-sts-1.11.61.jar:/Users/niklashaim/.m2/repository/com/amazonaws/aws-java-sdk-sqs/1.11.61/aws-java-sdk-sqs-1.11.61.jar:/Users/niklashaim/.m2/repository/com/amazonaws/aws-java-sdk-rds/1.11.61/aws-java-sdk-rds-1.11.61.jar:/Users/niklashaim/.m2/repository/com/amazonaws/aws-java-sdk-redshift/1.11.61/aws-java-sdk-redshift-1.11.61.jar:/Users/niklashaim/.m2/repository/com/amazonaws/aws-java-sdk-elasticbeanstalk/1.11.61/aws-java-sdk-elasticbeanstalk-1.11.61.jar:/Users/niklashaim/.m2/repository/com/amazonaws/aws-java-sdk-glacier/1.11.61/aws-java-sdk-glacier-1.11.61.jar:/Users/niklashaim/.m2/repository/com/amazonaws/aws-java-sdk-iam/1.11.61/aws-java-sdk-iam-1.11.61.jar:/Users/niklashaim/.m2/repository/com/amazonaws/aws-java-sdk-datapipeline/1.11.61/aws-java-sdk-datapipeline-1.11.61.jar:/Users/niklashaim/.m2/repository/com/amazonaws/aws-java-sdk-elasticloadbalancing/1.11.61/aws-java-sdk-elasticloadbalancing-1.11.61.jar:/Users/niklashaim/.m2/repository/com/amazonaws/aws-java-sdk-elasticloadbalancingv2/1.11.61/aws-java-sdk-elasticloadbalancingv2-1.11.61.jar:/Users/niklashaim/.m2/repository/com/amazonaws/aws-java-sdk-emr/1.11.61/aws-java-sdk-emr-1.11.61.jar:/Users/niklashaim/.m2/repository/com/amazonaws/aws-java-sdk-elasticache/1.11.61/aws-java-sdk-elasticache-1.11.61.jar:/Users/niklashaim/.m2/repository/com/amazonaws/aws-java-sdk-elastictranscoder/1.11.61/aws-java-sdk-elastictranscoder-1.11.61.jar:/Users/niklashaim/.m2/repository/com/amazonaws/aws-java-sdk-ec2/1.11.61/aws-java-sdk-ec2-1.11.61.jar:/Users/niklashaim/.m2/repository/com/amazonaws/aws-java-sdk-dynamodb/1.11.61/aws-java-sdk-dynamodb-1.11.61.jar:/Users/niklashaim/.m2/repository/com/amazonaws/aws-java-sdk-sns/1.11.61/aws-java-sdk-sns-1.11.61.jar:/Users/niklashaim/.m2/repository/com/amazonaws/aws-java-sdk-budgets/1.11.61/aws-java-sdk-budgets-1.11.61.jar:/Users/niklashaim/.m2/repository/com/amazonaws/aws-java-sdk-cloudtrail/1.11.61/aws-java-sdk-cloudtrail-1.11.61.jar:/Users/niklashaim/.m2/repository/com/amazonaws/aws-java-sdk-cloudwatch/1.11.61/aws-java-sdk-cloudwatch-1.11.61.jar:/Users/niklashaim/.m2/repository/com/amazonaws/aws-java-sdk-logs/1.11.61/aws-java-sdk-logs-1.11.61.jar:/Users/niklashaim/.m2/repository/com/amazonaws/aws-java-sdk-events/1.11.61/aws-java-sdk-events-1.11.61.jar:/Users/niklashaim/.m2/repository/com/amazonaws/aws-java-sdk-cognitoidentity/1.11.61/aws-java-sdk-cognitoidentity-1.11.61.jar:/Users/niklashaim/.m2/repository/com/amazonaws/aws-java-sdk-cognitosync/1.11.61/aws-java-sdk-cognitosync-1.11.61.jar:/Users/niklashaim/.m2/repository/com/amazonaws/aws-java-sdk-directconnect/1.11.61/aws-java-sdk-directconnect-1.11.61.jar:/Users/niklashaim/.m2/repository/com/amazonaws/aws-java-sdk-cloudformation/1.11.61/aws-java-sdk-cloudformation-1.11.61.jar:/Users/niklashaim/.m2/repository/com/amazonaws/aws-java-sdk-cloudfront/1.11.61/aws-java-sdk-cloudfront-1.11.61.jar:/Users/niklashaim/.m2/repository/com/amazonaws/aws-java-sdk-kinesis/1.11.61/aws-java-sdk-kinesis-1.11.61.jar:/Users/niklashaim/.m2/repository/com/amazonaws/aws-java-sdk-opsworks/1.11.61/aws-java-sdk-opsworks-1.11.61.jar:/Users/niklashaim/.m2/repository/com/amazonaws/aws-java-sdk-ses/1.11.61/aws-java-sdk-ses-1.11.61.jar:/Users/niklashaim/.m2/repository/com/amazonaws/aws-java-sdk-autoscaling/1.11.61/aws-java-sdk-autoscaling-1.11.61.jar:/Users/niklashaim/.m2/repository/com/amazonaws/aws-java-sdk-cloudsearch/1.11.61/aws-java-sdk-cloudsearch-1.11.61.jar:/Users/niklashaim/.m2/repository/com/amazonaws/aws-java-sdk-cloudwatchmetrics/1.11.61/aws-java-sdk-cloudwatchmetrics-1.11.61.jar:/Users/niklashaim/.m2/repository/com/amazonaws/aws-java-sdk-codedeploy/1.11.61/aws-java-sdk-codedeploy-1.11.61.jar:/Users/niklashaim/.m2/repository/com/amazonaws/aws-java-sdk-codepipeline/1.11.61/aws-java-sdk-codepipeline-1.11.61.jar:/Users/niklashaim/.m2/repository/com/amazonaws/aws-java-sdk-kms/1.11.61/aws-java-sdk-kms-1.11.61.jar:/Users/niklashaim/.m2/repository/com/amazonaws/aws-java-sdk-config/1.11.61/aws-java-sdk-config-1.11.61.jar:/Users/niklashaim/.m2/repository/com/amazonaws/aws-java-sdk-lambda/1.11.61/aws-java-sdk-lambda-1.11.61.jar:/Users/niklashaim/.m2/repository/com/amazonaws/aws-java-sdk-ecs/1.11.61/aws-java-sdk-ecs-1.11.61.jar:/Users/niklashaim/.m2/repository/com/amazonaws/aws-java-sdk-ecr/1.11.61/aws-java-sdk-ecr-1.11.61.jar:/Users/niklashaim/.m2/repository/com/amazonaws/aws-java-sdk-cloudhsm/1.11.61/aws-java-sdk-cloudhsm-1.11.61.jar:/Users/niklashaim/.m2/repository/com/amazonaws/aws-java-sdk-ssm/1.11.61/aws-java-sdk-ssm-1.11.61.jar:/Users/niklashaim/.m2/repository/com/amazonaws/aws-java-sdk-workspaces/1.11.61/aws-java-sdk-workspaces-1.11.61.jar:/Users/niklashaim/.m2/repository/com/amazonaws/aws-java-sdk-machinelearning/1.11.61/aws-java-sdk-machinelearning-1.11.61.jar:/Users/niklashaim/.m2/repository/com/amazonaws/aws-java-sdk-directory/1.11.61/aws-java-sdk-directory-1.11.61.jar:/Users/niklashaim/.m2/repository/com/amazonaws/aws-java-sdk-efs/1.11.61/aws-java-sdk-efs-1.11.61.jar:/Users/niklashaim/.m2/repository/com/amazonaws/aws-java-sdk-codecommit/1.11.61/aws-java-sdk-codecommit-1.11.61.jar:/Users/niklashaim/.m2/repository/com/amazonaws/aws-java-sdk-devicefarm/1.11.61/aws-java-sdk-devicefarm-1.11.61.jar:/Users/niklashaim/.m2/repository/com/amazonaws/aws-java-sdk-elasticsearch/1.11.61/aws-java-sdk-elasticsearch-1.11.61.jar:/Users/niklashaim/.m2/repository/com/amazonaws/aws-java-sdk-waf/1.11.61/aws-java-sdk-waf-1.11.61.jar:/Users/niklashaim/.m2/repository/com/amazonaws/aws-java-sdk-marketplacecommerceanalytics/1.11.61/aws-java-sdk-marketplacecommerceanalytics-1.11.61.jar:/Users/niklashaim/.m2/repository/com/amazonaws/aws-java-sdk-inspector/1.11.61/aws-java-sdk-inspector-1.11.61.jar:/Users/niklashaim/.m2/repository/com/amazonaws/aws-java-sdk-iot/1.11.61/aws-java-sdk-iot-1.11.61.jar:/Users/niklashaim/.m2/repository/com/amazonaws/aws-java-sdk-api-gateway/1.11.61/aws-java-sdk-api-gateway-1.11.61.jar:/Users/niklashaim/.m2/repository/com/amazonaws/aws-java-sdk-acm/1.11.61/aws-java-sdk-acm-1.11.61.jar:/Users/niklashaim/.m2/repository/com/amazonaws/aws-java-sdk-gamelift/1.11.61/aws-java-sdk-gamelift-1.11.61.jar:/Users/niklashaim/.m2/repository/com/amazonaws/aws-java-sdk-dms/1.11.61/aws-java-sdk-dms-1.11.61.jar:/Users/niklashaim/.m2/repository/com/amazonaws/aws-java-sdk-marketplacemeteringservice/1.11.61/aws-java-sdk-marketplacemeteringservice-1.11.61.jar:/Users/niklashaim/.m2/repository/com/amazonaws/aws-java-sdk-cognitoidp/1.11.61/aws-java-sdk-cognitoidp-1.11.61.jar:/Users/niklashaim/.m2/repository/com/amazonaws/aws-java-sdk-discovery/1.11.61/aws-java-sdk-discovery-1.11.61.jar:/Users/niklashaim/.m2/repository/com/amazonaws/aws-java-sdk-applicationautoscaling/1.11.61/aws-java-sdk-applicationautoscaling-1.11.61.jar:/Users/niklashaim/.m2/repository/com/amazonaws/aws-java-sdk-snowball/1.11.61/aws-java-sdk-snowball-1.11.61.jar:/Users/niklashaim/.m2/repository/com/amazonaws/aws-java-sdk-core/1.11.61/aws-java-sdk-core-1.11.61.jar:/Users/niklashaim/.m2/repository/software/amazon/ion/ion-java/1.0.1/ion-java-1.0.1.jar:/Users/niklashaim/.m2/repository/com/fasterxml/jackson/core/jackson-databind/2.6.6/jackson-databind-2.6.6.jar:/Users/niklashaim/.m2/repository/com/fasterxml/jackson/core/jackson-annotations/2.6.0/jackson-annotations-2.6.0.jar:/Users/niklashaim/.m2/repository/com/amazonaws/aws-java-sdk-models/1.11.61/aws-java-sdk-models-1.11.61.jar:/Users/niklashaim/.m2/repository/com/amazonaws/aws-java-sdk-swf-libraries/1.11.22/aws-java-sdk-swf-libraries-1.11.22.jar:/Users/niklashaim/.m2/repository/com/auth0/java-jwt/2.2.1/java-jwt-2.2.1.jar:/Users/niklashaim/.m2/repository/compojure/compojure/1.5.1/compojure-1.5.1.jar:/Users/niklashaim/.m2/repository/org/clojure/tools.macro/0.1.5/tools.macro-0.1.5.jar:/Users/niklashaim/.m2/repository/clout/clout/2.1.2/clout-2.1.2.jar:/Users/niklashaim/.m2/repository/instaparse/instaparse/1.4.0/instaparse-1.4.0.jar:/Users/niklashaim/.m2/repository/medley/medley/0.8.2/medley-0.8.2.jar:/Users/niklashaim/.m2/repository/ring/ring-core/1.5.0/ring-core-1.5.0.jar:/Users/niklashaim/.m2/repository/org/clojure/tools.reader/0.9.1/tools.reader-0.9.1.jar:/Users/niklashaim/.m2/repository/commons-fileupload/commons-fileupload/1.3.1/commons-fileupload-1.3.1.jar:/Users/niklashaim/.m2/repository/crypto-random/crypto-random/1.2.0/crypto-random-1.2.0.jar:/Users/niklashaim/.m2/repository/crypto-equality/crypto-equality/1.0.0/crypto-equality-1.0.0.jar:/Users/niklashaim/.m2/repository/liberator/liberator/0.14.1/liberator-0.14.1.jar:/Users/niklashaim/.m2/repository/org/clojure/data.csv/0.1.2/data.csv-0.1.2.jar:/Users/niklashaim/.m2/repository/hiccup/hiccup/1.0.3/hiccup-1.0.3.jar:/Users/niklashaim/.m2/repository/org/apache/kafka/kafka-clients/0.11.0.0/kafka-clients-0.11.0.0.jar:/Users/niklashaim/.m2/repository/net/jpountz/lz4/lz4/1.3.0/lz4-1.3.0.jar:/Users/niklashaim/.m2/repository/org/xerial/snappy/snappy-java/1.1.2.6/snappy-java-1.1.2.6.jar:/Users/niklashaim/.m2/repository/org/clojure/core.async/0.4.474/core.async-0.4.474.jar:/Users/niklashaim/.m2/repository/org/clojure/tools.analyzer.jvm/0.7.0/tools.analyzer.jvm-0.7.0.jar:/Users/niklashaim/.m2/repository/org/clojure/tools.analyzer/0.6.9/tools.analyzer-0.6.9.jar:/Users/niklashaim/.m2/repository/org/clojure/core.memoize/0.5.9/core.memoize-0.5.9.jar:/Users/niklashaim/.m2/repository/org/ow2/asm/asm-all/4.2/asm-all-4.2.jar:/Users/niklashaim/.m2/repository/org/clojure/data.json/0.2.6/data.json-0.2.6.jar:/Users/niklashaim/.m2/repository/org/clojure/tools.logging/0.3.1/tools.logging-0.3.1.jar:/Users/niklashaim/.m2/repository/org/clojure/tools.nrepl/0.2.12/tools.nrepl-0.2.12.jar:/Users/niklashaim/.m2/repository/overtone/at-at/1.2.0/at-at-1.2.0.jar:/Users/niklashaim/.m2/repository/redis/clients/jedis/2.8.0/jedis-2.8.0.jar:/Users/niklashaim/.m2/repository/org/apache/commons/commons-pool2/2.3/commons-pool2-2.3.jar:/Users/niklashaim/.m2/repository/ring/ring/1.5.0/ring-1.5.0.jar:/Users/niklashaim/.m2/repository/ring/ring-devel/1.5.0/ring-devel-1.5.0.jar:/Users/niklashaim/.m2/repository/clj-stacktrace/clj-stacktrace/0.2.8/clj-stacktrace-0.2.8.jar:/Users/niklashaim/.m2/repository/ns-tracker/ns-tracker/0.3.0/ns-tracker-0.3.0.jar:/Users/niklashaim/.m2/repository/org/clojure/tools.namespace/0.2.10/tools.namespace-0.2.10.jar:/Users/niklashaim/.m2/repository/org/clojure/java.classpath/0.2.2/java.classpath-0.2.2.jar:/Users/niklashaim/.m2/repository/ring/ring-jetty-adapter/1.5.0/ring-jetty-adapter-1.5.0.jar:/Users/niklashaim/.m2/repository/org/eclipse/jetty/jetty-server/9.2.10.v20150310/jetty-server-9.2.10.v20150310.jar:/Users/niklashaim/.m2/repository/javax/servlet/javax.servlet-api/3.1.0/javax.servlet-api-3.1.0.jar:/Users/niklashaim/.m2/repository/org/eclipse/jetty/jetty-http/9.2.10.v20150310/jetty-http-9.2.10.v20150310.jar:/Users/niklashaim/.m2/repository/org/eclipse/jetty/jetty-util/9.2.10.v20150310/jetty-util-9.2.10.v20150310.jar:/Users/niklashaim/.m2/repository/org/eclipse/jetty/jetty-io/9.2.10.v20150310/jetty-io-9.2.10.v20150310.jar:/Users/niklashaim/.m2/repository/ring/ring-servlet/1.5.0/ring-servlet-1.5.0.jar:/Users/niklashaim/.m2/repository/robert/bruce/0.8.0/bruce-0.8.0.jar:/Users/niklashaim/.m2/repository/yogthos/config/0.8/config-0.8.jar:/Users/niklashaim/.m2/repository/com/fzakaria/slf4j-timbre/0.3.7/slf4j-timbre-0.3.7.jar:/Users/niklashaim/.m2/repository/org/slf4j/slf4j-api/1.7.14/slf4j-api-1.7.14.jar:/Users/niklashaim/.m2/repository/com/taoensso/timbre/4.10.0/timbre-4.10.0.jar:/Users/niklashaim/.m2/repository/com/taoensso/encore/2.91.0/encore-2.91.0.jar:/Users/niklashaim/.m2/repository/com/taoensso/truss/1.5.0/truss-1.5.0.jar:/Users/niklashaim/.m2/repository/io/aviso/pretty/0.1.33/pretty-0.1.33.jar:/Users/niklashaim/.m2/repository/cheshire/cheshire/5.7.0/cheshire-5.7.0.jar:/Users/niklashaim/.m2/repository/com/fasterxml/jackson/core/jackson-core/2.8.6/jackson-core-2.8.6.jar:/Users/niklashaim/.m2/repository/com/fasterxml/jackson/dataformat/jackson-dataformat-smile/2.8.6/jackson-dataformat-smile-2.8.6.jar:/Users/niklashaim/.m2/repository/com/fasterxml/jackson/dataformat/jackson-dataformat-cbor/2.8.6/jackson-dataformat-cbor-2.8.6.jar:/Users/niklashaim/.m2/repository/tigris/tigris/0.1.1/tigris-0.1.1.jar:/Users/niklashaim/.m2/repository/com/climate/claypoole/1.1.4/claypoole-1.1.4.jar:/Users/niklashaim/.m2/repository/org/clojure/core.cache/0.7.1/core.cache-0.7.1.jar:/Users/niklashaim/.m2/repository/org/clojure/data.priority-map/0.0.7/data.priority-map-0.0.7.jar:/Users/niklashaim/.m2/repository/crossref-util/crossref-util/0.1.15/crossref-util-0.1.15.jar:/Users/niklashaim/.m2/repository/http-kit/http-kit/2.1.16/http-kit-2.1.16.jar:/Users/niklashaim/.m2/repository/slingshot/slingshot/0.12.2/slingshot-0.12.2.jar:/Users/niklashaim/.m2/repository/org/junit/jupiter/junit-jupiter-api/5.6.0/junit-jupiter-api-5.6.0.jar:/Users/niklashaim/.m2/repository/org/apiguardian/apiguardian-api/1.1.0/apiguardian-api-1.1.0.jar:/Users/niklashaim/.m2/repository/org/opentest4j/opentest4j/1.2.0/opentest4j-1.2.0.jar:/Users/niklashaim/.m2/repository/org/junit/platform/junit-platform-commons/1.6.0/junit-platform-commons-1.6.0.jar:/Users/niklashaim/.m2/repository/org/junit/jupiter/junit-jupiter-params/5.6.0/junit-jupiter-params-5.6.0.jar:/Users/niklashaim/.m2/repository/org/junit/jupiter/junit-jupiter-engine/5.6.0/junit-jupiter-engine-5.6.0.jar:/Users/niklashaim/.m2/repository/org/junit/platform/junit-platform-engine/1.6.0/junit-platform-engine-1.6.0.jar:"/>
    <property name="sun.cpu.endian" value="little"/>
    <property name="user.home" value="/Users/niklashaim"/>
    <property name="user.language" value="en"/>
    <property name="java.specification.vendor" value="Oracle Corporation"/>
    <property name="jdk.module.path" value="/Users/niklashaim/Documents/CBSE/Asteroids/HaimAsteroids/Collision/target/classes:/Users/niklashaim/Documents/CBSE/Asteroids/HaimAsteroids/Common/target/Common-1.0-SNAPSHOT.jar"/>
    <property name="java.version.date" value="2021-10-19"/>
    <property name="java.home" value="/Users/niklashaim/Library/Java/JavaVirtualMachines/openjdk-17.0.1/Contents/Home"/>
    <property name="file.separator" value="/"/>
    <property name="basedir" value="/Users/niklashaim/Documents/CBSE/Asteroids/HaimAsteroids/Collision"/>
    <property name="java.vm.compressedOopsMode" value="Zero based"/>
    <property name="line.separator" value="&#10;"/>
    <property name="java.vm.specification.vendor" value="Oracle Corporation"/>
    <property name="java.specification.name" value="Java Platform API Specification"/>
    <property name="surefire.real.class.path" value="/Users/niklashaim/.m2/repository/org/apache/maven/surefire/surefire-booter/3.0.0/surefire-booter-3.0.0.jar:/Users/niklashaim/.m2/repository/org/apache/maven/surefire/surefire-api/3.0.0/surefire-api-3.0.0.jar:/Users/niklashaim/.m2/repository/org/apache/maven/surefire/surefire-extensions-spi/3.0.0/surefire-extensions-spi-3.0.0.jar:/Users/niklashaim/.m2/repository/org/apache/maven/surefire/surefire-logger-api/3.0.0/surefire-logger-api-3.0.0.jar:/Users/niklashaim/.m2/repository/org/apache/maven/surefire/surefire-shared-utils/3.0.0/surefire-shared-utils-3.0.0.jar:/Users/niklashaim/Documents/CBSE/Asteroids/HaimAsteroids/Collision/target/test-classes:/Users/niklashaim/.m2/repository/event-data-common/event-data-common/0.1.60/event-data-common-0.1.60.jar:/Users/niklashaim/.m2/repository/org/clojure/clojure/1.9.0/clojure-1.9.0.jar:/Users/niklashaim/.m2/repository/org/clojure/spec.alpha/0.1.143/spec.alpha-0.1.143.jar:/Users/niklashaim/.m2/repository/org/clojure/core.specs.alpha/0.1.24/core.specs.alpha-0.1.24.jar:/Users/niklashaim/.m2/repository/clj-http/clj-http/3.4.1/clj-http-3.4.1.jar:/Users/niklashaim/.m2/repository/org/apache/httpcomponents/httpcore/4.4.5/httpcore-4.4.5.jar:/Users/niklashaim/.m2/repository/org/apache/httpcomponents/httpclient/4.5.2/httpclient-4.5.2.jar:/Users/niklashaim/.m2/repository/commons-logging/commons-logging/1.2/commons-logging-1.2.jar:/Users/niklashaim/.m2/repository/org/apache/httpcomponents/httpasyncclient/4.1.2/httpasyncclient-4.1.2.jar:/Users/niklashaim/.m2/repository/org/apache/httpcomponents/httpcore-nio/4.4.5/httpcore-nio-4.4.5.jar:/Users/niklashaim/.m2/repository/org/apache/httpcomponents/httpmime/4.5.2/httpmime-4.5.2.jar:/Users/niklashaim/.m2/repository/commons-codec/commons-codec/1.10/commons-codec-1.10.jar:/Users/niklashaim/.m2/repository/commons-io/commons-io/2.5/commons-io-2.5.jar:/Users/niklashaim/.m2/repository/potemkin/potemkin/0.4.3/potemkin-0.4.3.jar:/Users/niklashaim/.m2/repository/clj-tuple/clj-tuple/0.2.2/clj-tuple-0.2.2.jar:/Users/niklashaim/.m2/repository/riddley/riddley/0.1.12/riddley-0.1.12.jar:/Users/niklashaim/.m2/repository/clj-http-fake/clj-http-fake/1.0.3/clj-http-fake-1.0.3.jar:/Users/niklashaim/.m2/repository/org/clojure/math.combinatorics/0.1.3/math.combinatorics-0.1.3.jar:/Users/niklashaim/.m2/repository/robert/hooke/1.3.0/hooke-1.3.0.jar:/Users/niklashaim/.m2/repository/ring/ring-codec/1.0.1/ring-codec-1.0.1.jar:/Users/niklashaim/.m2/repository/clj-time/clj-time/0.12.2/clj-time-0.12.2.jar:/Users/niklashaim/.m2/repository/joda-time/joda-time/2.9.4/joda-time-2.9.4.jar:/Users/niklashaim/.m2/repository/com/amazonaws/aws-java-sdk/1.11.61/aws-java-sdk-1.11.61.jar:/Users/niklashaim/.m2/repository/com/amazonaws/aws-java-sdk-support/1.11.61/aws-java-sdk-support-1.11.61.jar:/Users/niklashaim/.m2/repository/com/amazonaws/jmespath-java/1.11.61/jmespath-java-1.11.61.jar:/Users/niklashaim/.m2/repository/com/amazonaws/aws-java-sdk-simpledb/1.11.61/aws-java-sdk-simpledb-1.11.61.jar:/Users/niklashaim/.m2/repository/com/amazonaws/aws-java-sdk-servicecatalog/1.11.61/aws-java-sdk-servicecatalog-1.11.61.jar:/Users/niklashaim/.m2/repository/com/amazonaws/aws-java-sdk-servermigration/1.11.61/aws-java-sdk-servermigration-1.11.61.jar:/Users/niklashaim/.m2/repository/com/amazonaws/aws-java-sdk-simpleworkflow/1.11.61/aws-java-sdk-simpleworkflow-1.11.61.jar:/Users/niklashaim/.m2/repository/com/amazonaws/aws-java-sdk-storagegateway/1.11.61/aws-java-sdk-storagegateway-1.11.61.jar:/Users/niklashaim/.m2/repository/com/amazonaws/aws-java-sdk-route53/1.11.61/aws-java-sdk-route53-1.11.61.jar:/Users/niklashaim/.m2/repository/com/amazonaws/aws-java-sdk-s3/1.11.61/aws-java-sdk-s3-1.11.61.jar:/Users/niklashaim/.m2/repository/com/amazonaws/aws-java-sdk-importexport/1.11.61/aws-java-sdk-importexport-1.11.61.jar:/Users/niklashaim/.m2/repository/com/amazonaws/aws-java-sdk-sts/1.11.61/aws-java-sdk-sts-1.11.61.jar:/Users/niklashaim/.m2/repository/com/amazonaws/aws-java-sdk-sqs/1.11.61/aws-java-sdk-sqs-1.11.61.jar:/Users/niklashaim/.m2/repository/com/amazonaws/aws-java-sdk-rds/1.11.61/aws-java-sdk-rds-1.11.61.jar:/Users/niklashaim/.m2/repository/com/amazonaws/aws-java-sdk-redshift/1.11.61/aws-java-sdk-redshift-1.11.61.jar:/Users/niklashaim/.m2/repository/com/amazonaws/aws-java-sdk-elasticbeanstalk/1.11.61/aws-java-sdk-elasticbeanstalk-1.11.61.jar:/Users/niklashaim/.m2/repository/com/amazonaws/aws-java-sdk-glacier/1.11.61/aws-java-sdk-glacier-1.11.61.jar:/Users/niklashaim/.m2/repository/com/amazonaws/aws-java-sdk-iam/1.11.61/aws-java-sdk-iam-1.11.61.jar:/Users/niklashaim/.m2/repository/com/amazonaws/aws-java-sdk-datapipeline/1.11.61/aws-java-sdk-datapipeline-1.11.61.jar:/Users/niklashaim/.m2/repository/com/amazonaws/aws-java-sdk-elasticloadbalancing/1.11.61/aws-java-sdk-elasticloadbalancing-1.11.61.jar:/Users/niklashaim/.m2/repository/com/amazonaws/aws-java-sdk-elasticloadbalancingv2/1.11.61/aws-java-sdk-elasticloadbalancingv2-1.11.61.jar:/Users/niklashaim/.m2/repository/com/amazonaws/aws-java-sdk-emr/1.11.61/aws-java-sdk-emr-1.11.61.jar:/Users/niklashaim/.m2/repository/com/amazonaws/aws-java-sdk-elasticache/1.11.61/aws-java-sdk-elasticache-1.11.61.jar:/Users/niklashaim/.m2/repository/com/amazonaws/aws-java-sdk-elastictranscoder/1.11.61/aws-java-sdk-elastictranscoder-1.11.61.jar:/Users/niklashaim/.m2/repository/com/amazonaws/aws-java-sdk-ec2/1.11.61/aws-java-sdk-ec2-1.11.61.jar:/Users/niklashaim/.m2/repository/com/amazonaws/aws-java-sdk-dynamodb/1.11.61/aws-java-sdk-dynamodb-1.11.61.jar:/Users/niklashaim/.m2/repository/com/amazonaws/aws-java-sdk-sns/1.11.61/aws-java-sdk-sns-1.11.61.jar:/Users/niklashaim/.m2/repository/com/amazonaws/aws-java-sdk-budgets/1.11.61/aws-java-sdk-budgets-1.11.61.jar:/Users/niklashaim/.m2/repository/com/amazonaws/aws-java-sdk-cloudtrail/1.11.61/aws-java-sdk-cloudtrail-1.11.61.jar:/Users/niklashaim/.m2/repository/com/amazonaws/aws-java-sdk-cloudwatch/1.11.61/aws-java-sdk-cloudwatch-1.11.61.jar:/Users/niklashaim/.m2/repository/com/amazonaws/aws-java-sdk-logs/1.11.61/aws-java-sdk-logs-1.11.61.jar:/Users/niklashaim/.m2/repository/com/amazonaws/aws-java-sdk-events/1.11.61/aws-java-sdk-events-1.11.61.jar:/Users/niklashaim/.m2/repository/com/amazonaws/aws-java-sdk-cognitoidentity/1.11.61/aws-java-sdk-cognitoidentity-1.11.61.jar:/Users/niklashaim/.m2/repository/com/amazonaws/aws-java-sdk-cognitosync/1.11.61/aws-java-sdk-cognitosync-1.11.61.jar:/Users/niklashaim/.m2/repository/com/amazonaws/aws-java-sdk-directconnect/1.11.61/aws-java-sdk-directconnect-1.11.61.jar:/Users/niklashaim/.m2/repository/com/amazonaws/aws-java-sdk-cloudformation/1.11.61/aws-java-sdk-cloudformation-1.11.61.jar:/Users/niklashaim/.m2/repository/com/amazonaws/aws-java-sdk-cloudfront/1.11.61/aws-java-sdk-cloudfront-1.11.61.jar:/Users/niklashaim/.m2/repository/com/amazonaws/aws-java-sdk-kinesis/1.11.61/aws-java-sdk-kinesis-1.11.61.jar:/Users/niklashaim/.m2/repository/com/amazonaws/aws-java-sdk-opsworks/1.11.61/aws-java-sdk-opsworks-1.11.61.jar:/Users/niklashaim/.m2/repository/com/amazonaws/aws-java-sdk-ses/1.11.61/aws-java-sdk-ses-1.11.61.jar:/Users/niklashaim/.m2/repository/com/amazonaws/aws-java-sdk-autoscaling/1.11.61/aws-java-sdk-autoscaling-1.11.61.jar:/Users/niklashaim/.m2/repository/com/amazonaws/aws-java-sdk-cloudsearch/1.11.61/aws-java-sdk-cloudsearch-1.11.61.jar:/Users/niklashaim/.m2/repository/com/amazonaws/aws-java-sdk-cloudwatchmetrics/1.11.61/aws-java-sdk-cloudwatchmetrics-1.11.61.jar:/Users/niklashaim/.m2/repository/com/amazonaws/aws-java-sdk-codedeploy/1.11.61/aws-java-sdk-codedeploy-1.11.61.jar:/Users/niklashaim/.m2/repository/com/amazonaws/aws-java-sdk-codepipeline/1.11.61/aws-java-sdk-codepipeline-1.11.61.jar:/Users/niklashaim/.m2/repository/com/amazonaws/aws-java-sdk-kms/1.11.61/aws-java-sdk-kms-1.11.61.jar:/Users/niklashaim/.m2/repository/com/amazonaws/aws-java-sdk-config/1.11.61/aws-java-sdk-config-1.11.61.jar:/Users/niklashaim/.m2/repository/com/amazonaws/aws-java-sdk-lambda/1.11.61/aws-java-sdk-lambda-1.11.61.jar:/Users/niklashaim/.m2/repository/com/amazonaws/aws-java-sdk-ecs/1.11.61/aws-java-sdk-ecs-1.11.61.jar:/Users/niklashaim/.m2/repository/com/amazonaws/aws-java-sdk-ecr/1.11.61/aws-java-sdk-ecr-1.11.61.jar:/Users/niklashaim/.m2/repository/com/amazonaws/aws-java-sdk-cloudhsm/1.11.61/aws-java-sdk-cloudhsm-1.11.61.jar:/Users/niklashaim/.m2/repository/com/amazonaws/aws-java-sdk-ssm/1.11.61/aws-java-sdk-ssm-1.11.61.jar:/Users/niklashaim/.m2/repository/com/amazonaws/aws-java-sdk-workspaces/1.11.61/aws-java-sdk-workspaces-1.11.61.jar:/Users/niklashaim/.m2/repository/com/amazonaws/aws-java-sdk-machinelearning/1.11.61/aws-java-sdk-machinelearning-1.11.61.jar:/Users/niklashaim/.m2/repository/com/amazonaws/aws-java-sdk-directory/1.11.61/aws-java-sdk-directory-1.11.61.jar:/Users/niklashaim/.m2/repository/com/amazonaws/aws-java-sdk-efs/1.11.61/aws-java-sdk-efs-1.11.61.jar:/Users/niklashaim/.m2/repository/com/amazonaws/aws-java-sdk-codecommit/1.11.61/aws-java-sdk-codecommit-1.11.61.jar:/Users/niklashaim/.m2/repository/com/amazonaws/aws-java-sdk-devicefarm/1.11.61/aws-java-sdk-devicefarm-1.11.61.jar:/Users/niklashaim/.m2/repository/com/amazonaws/aws-java-sdk-elasticsearch/1.11.61/aws-java-sdk-elasticsearch-1.11.61.jar:/Users/niklashaim/.m2/repository/com/amazonaws/aws-java-sdk-waf/1.11.61/aws-java-sdk-waf-1.11.61.jar:/Users/niklashaim/.m2/repository/com/amazonaws/aws-java-sdk-marketplacecommerceanalytics/1.11.61/aws-java-sdk-marketplacecommerceanalytics-1.11.61.jar:/Users/niklashaim/.m2/repository/com/amazonaws/aws-java-sdk-inspector/1.11.61/aws-java-sdk-inspector-1.11.61.jar:/Users/niklashaim/.m2/repository/com/amazonaws/aws-java-sdk-iot/1.11.61/aws-java-sdk-iot-1.11.61.jar:/Users/niklashaim/.m2/repository/com/amazonaws/aws-java-sdk-api-gateway/1.11.61/aws-java-sdk-api-gateway-1.11.61.jar:/Users/niklashaim/.m2/repository/com/amazonaws/aws-java-sdk-acm/1.11.61/aws-java-sdk-acm-1.11.61.jar:/Users/niklashaim/.m2/repository/com/amazonaws/aws-java-sdk-gamelift/1.11.61/aws-java-sdk-gamelift-1.11.61.jar:/Users/niklashaim/.m2/repository/com/amazonaws/aws-java-sdk-dms/1.11.61/aws-java-sdk-dms-1.11.61.jar:/Users/niklashaim/.m2/repository/com/amazonaws/aws-java-sdk-marketplacemeteringservice/1.11.61/aws-java-sdk-marketplacemeteringservice-1.11.61.jar:/Users/niklashaim/.m2/repository/com/amazonaws/aws-java-sdk-cognitoidp/1.11.61/aws-java-sdk-cognitoidp-1.11.61.jar:/Users/niklashaim/.m2/repository/com/amazonaws/aws-java-sdk-discovery/1.11.61/aws-java-sdk-discovery-1.11.61.jar:/Users/niklashaim/.m2/repository/com/amazonaws/aws-java-sdk-applicationautoscaling/1.11.61/aws-java-sdk-applicationautoscaling-1.11.61.jar:/Users/niklashaim/.m2/repository/com/amazonaws/aws-java-sdk-snowball/1.11.61/aws-java-sdk-snowball-1.11.61.jar:/Users/niklashaim/.m2/repository/com/amazonaws/aws-java-sdk-core/1.11.61/aws-java-sdk-core-1.11.61.jar:/Users/niklashaim/.m2/repository/software/amazon/ion/ion-java/1.0.1/ion-java-1.0.1.jar:/Users/niklashaim/.m2/repository/com/fasterxml/jackson/core/jackson-databind/2.6.6/jackson-databind-2.6.6.jar:/Users/niklashaim/.m2/repository/com/fasterxml/jackson/core/jackson-annotations/2.6.0/jackson-annotations-2.6.0.jar:/Users/niklashaim/.m2/repository/com/amazonaws/aws-java-sdk-models/1.11.61/aws-java-sdk-models-1.11.61.jar:/Users/niklashaim/.m2/repository/com/amazonaws/aws-java-sdk-swf-libraries/1.11.22/aws-java-sdk-swf-libraries-1.11.22.jar:/Users/niklashaim/.m2/repository/com/auth0/java-jwt/2.2.1/java-jwt-2.2.1.jar:/Users/niklashaim/.m2/repository/compojure/compojure/1.5.1/compojure-1.5.1.jar:/Users/niklashaim/.m2/repository/org/clojure/tools.macro/0.1.5/tools.macro-0.1.5.jar:/Users/niklashaim/.m2/repository/clout/clout/2.1.2/clout-2.1.2.jar:/Users/niklashaim/.m2/repository/instaparse/instaparse/1.4.0/instaparse-1.4.0.jar:/Users/niklashaim/.m2/repository/medley/medley/0.8.2/medley-0.8.2.jar:/Users/niklashaim/.m2/repository/ring/ring-core/1.5.0/ring-core-1.5.0.jar:/Users/niklashaim/.m2/repository/org/clojure/tools.reader/0.9.1/tools.reader-0.9.1.jar:/Users/niklashaim/.m2/repository/commons-fileupload/commons-fileupload/1.3.1/commons-fileupload-1.3.1.jar:/Users/niklashaim/.m2/repository/crypto-random/crypto-random/1.2.0/crypto-random-1.2.0.jar:/Users/niklashaim/.m2/repository/crypto-equality/crypto-equality/1.0.0/crypto-equality-1.0.0.jar:/Users/niklashaim/.m2/repository/liberator/liberator/0.14.1/liberator-0.14.1.jar:/Users/niklashaim/.m2/repository/org/clojure/data.csv/0.1.2/data.csv-0.1.2.jar:/Users/niklashaim/.m2/repository/hiccup/hiccup/1.0.3/hiccup-1.0.3.jar:/Users/niklashaim/.m2/repository/org/apache/kafka/kafka-clients/0.11.0.0/kafka-clients-0.11.0.0.jar:/Users/niklashaim/.m2/repository/net/jpountz/lz4/lz4/1.3.0/lz4-1.3.0.jar:/Users/niklashaim/.m2/repository/org/xerial/snappy/snappy-java/1.1.2.6/snappy-java-1.1.2.6.jar:/Users/niklashaim/.m2/repository/org/clojure/core.async/0.4.474/core.async-0.4.474.jar:/Users/niklashaim/.m2/repository/org/clojure/tools.analyzer.jvm/0.7.0/tools.analyzer.jvm-0.7.0.jar:/Users/niklashaim/.m2/repository/org/clojure/tools.analyzer/0.6.9/tools.analyzer-0.6.9.jar:/Users/niklashaim/.m2/repository/org/clojure/core.memoize/0.5.9/core.memoize-0.5.9.jar:/Users/niklashaim/.m2/repository/org/ow2/asm/asm-all/4.2/asm-all-4.2.jar:/Users/niklashaim/.m2/repository/org/clojure/data.json/0.2.6/data.json-0.2.6.jar:/Users/niklashaim/.m2/repository/org/clojure/tools.logging/0.3.1/tools.logging-0.3.1.jar:/Users/niklashaim/.m2/repository/org/clojure/tools.nrepl/0.2.12/tools.nrepl-0.2.12.jar:/Users/niklashaim/.m2/repository/overtone/at-at/1.2.0/at-at-1.2.0.jar:/Users/niklashaim/.m2/repository/redis/clients/jedis/2.8.0/jedis-2.8.0.jar:/Users/niklashaim/.m2/repository/org/apache/commons/commons-pool2/2.3/commons-pool2-2.3.jar:/Users/niklashaim/.m2/repository/ring/ring/1.5.0/ring-1.5.0.jar:/Users/niklashaim/.m2/repository/ring/ring-devel/1.5.0/ring-devel-1.5.0.jar:/Users/niklashaim/.m2/repository/clj-stacktrace/clj-stacktrace/0.2.8/clj-stacktrace-0.2.8.jar:/Users/niklashaim/.m2/repository/ns-tracker/ns-tracker/0.3.0/ns-tracker-0.3.0.jar:/Users/niklashaim/.m2/repository/org/clojure/tools.namespace/0.2.10/tools.namespace-0.2.10.jar:/Users/niklashaim/.m2/repository/org/clojure/java.classpath/0.2.2/java.classpath-0.2.2.jar:/Users/niklashaim/.m2/repository/ring/ring-jetty-adapter/1.5.0/ring-jetty-adapter-1.5.0.jar:/Users/niklashaim/.m2/repository/org/eclipse/jetty/jetty-server/9.2.10.v20150310/jetty-server-9.2.10.v20150310.jar:/Users/niklashaim/.m2/repository/javax/servlet/javax.servlet-api/3.1.0/javax.servlet-api-3.1.0.jar:/Users/niklashaim/.m2/repository/org/eclipse/jetty/jetty-http/9.2.10.v20150310/jetty-http-9.2.10.v20150310.jar:/Users/niklashaim/.m2/repository/org/eclipse/jetty/jetty-util/9.2.10.v20150310/jetty-util-9.2.10.v20150310.jar:/Users/niklashaim/.m2/repository/org/eclipse/jetty/jetty-io/9.2.10.v20150310/jetty-io-9.2.10.v20150310.jar:/Users/niklashaim/.m2/repository/ring/ring-servlet/1.5.0/ring-servlet-1.5.0.jar:/Users/niklashaim/.m2/repository/robert/bruce/0.8.0/bruce-0.8.0.jar:/Users/niklashaim/.m2/repository/yogthos/config/0.8/config-0.8.jar:/Users/niklashaim/.m2/repository/com/fzakaria/slf4j-timbre/0.3.7/slf4j-timbre-0.3.7.jar:/Users/niklashaim/.m2/repository/org/slf4j/slf4j-api/1.7.14/slf4j-api-1.7.14.jar:/Users/niklashaim/.m2/repository/com/taoensso/timbre/4.10.0/timbre-4.10.0.jar:/Users/niklashaim/.m2/repository/com/taoensso/encore/2.91.0/encore-2.91.0.jar:/Users/niklashaim/.m2/repository/com/taoensso/truss/1.5.0/truss-1.5.0.jar:/Users/niklashaim/.m2/repository/io/aviso/pretty/0.1.33/pretty-0.1.33.jar:/Users/niklashaim/.m2/repository/cheshire/cheshire/5.7.0/cheshire-5.7.0.jar:/Users/niklashaim/.m2/repository/com/fasterxml/jackson/core/jackson-core/2.8.6/jackson-core-2.8.6.jar:/Users/niklashaim/.m2/repository/com/fasterxml/jackson/dataformat/jackson-dataformat-smile/2.8.6/jackson-dataformat-smile-2.8.6.jar:/Users/niklashaim/.m2/repository/com/fasterxml/jackson/dataformat/jackson-dataformat-cbor/2.8.6/jackson-dataformat-cbor-2.8.6.jar:/Users/niklashaim/.m2/repository/tigris/tigris/0.1.1/tigris-0.1.1.jar:/Users/niklashaim/.m2/repository/com/climate/claypoole/1.1.4/claypoole-1.1.4.jar:/Users/niklashaim/.m2/repository/org/clojure/core.cache/0.7.1/core.cache-0.7.1.jar:/Users/niklashaim/.m2/repository/org/clojure/data.priority-map/0.0.7/data.priority-map-0.0.7.jar:/Users/niklashaim/.m2/repository/crossref-util/crossref-util/0.1.15/crossref-util-0.1.15.jar:/Users/niklashaim/.m2/repository/http-kit/http-kit/2.1.16/http-kit-2.1.16.jar:/Users/niklashaim/.m2/repository/slingshot/slingshot/0.12.2/slingshot-0.12.2.jar:/Users/niklashaim/.m2/repository/org/junit/jupiter/junit-jupiter-api/5.6.0/junit-jupiter-api-5.6.0.jar:/Users/niklashaim/.m2/repository/org/apiguardian/apiguardian-api/1.1.0/apiguardian-api-1.1.0.jar:/Users/niklashaim/.m2/repository/org/opentest4j/opentest4j/1.2.0/opentest4j-1.2.0.jar:/Users/niklashaim/.m2/repository/org/junit/platform/junit-platform-commons/1.6.0/junit-platform-commons-1.6.0.jar:/Users/niklashaim/.m2/repository/org/junit/jupiter/junit-jupiter-params/5.6.0/junit-jupiter-params-5.6.0.jar:/Users/niklashaim/.m2/repository/org/junit/jupiter/junit-jupiter-engine/5.6.0/junit-jupiter-engine-5.6.0.jar:/Users/niklashaim/.m2/repository/org/junit/platform/junit-platform-engine/1.6.0/junit-platform-engine-1.6.0.jar:/Users/niklashaim/.m2/repository/org/apache/maven/surefire/surefire-junit-platform/3.0.0/surefire-junit-platform-3.0.0.jar:/Users/niklashaim/.m2/repository/org/apache/maven/surefire/common-java5/3.0.0/common-java5-3.0.0.jar:/Users/niklashaim/.m2/repository/org/junit/platform/junit-platform-launcher/1.6.0/junit-platform-launcher-1.6.0.jar"/>
    <property name="sun.management.compiler" value="HotSpot 64-Bit Tiered Compilers"/>
    <property name="ftp.nonProxyHosts" value="local|*.local|169.254/16|*.169.254/16"/>
    <property name="java.runtime.version" value="17.0.1+12-39"/>
    <property name="user.name" value="niklashaim"/>
    <property name="path.separator" value=":"/>
    <property name="os.version" value="13.2.1"/>
    <property name="java.runtime.name" value="OpenJDK Runtime Environment"/>
    <property name="file.encoding" value="UTF-8"/>
    <property name="java.vm.name" value="OpenJDK 64-Bit Server VM"/>
    <property name="localRepository" value="/Users/niklashaim/.m2/repository"/>
    <property name="java.vendor.url.bug" value="https://bugreport.java.com/bugreport/"/>
    <property name="java.io.tmpdir" value="/var/folders/mf/0ww1sn9s7wn9t5vy791rdfh00000gn/T/"/>
    <property name="idea.version" value="2021.3.2"/>
    <property name="java.version" value="17.0.1"/>
    <property name="user.dir" value="/Users/niklashaim/Documents/CBSE/Asteroids/HaimAsteroids/Collision"/>
    <property name="os.arch" value="x86_64"/>
    <property name="java.vm.specification.name" value="Java Virtual Machine Specification"/>
    <property name="native.encoding" value="UTF-8"/>
    <property name="java.library.path" value="/Users/niklashaim/Library/Java/Extensions:/Library/Java/Extensions:/Network/Library/Java/Extensions:/System/Library/Java/Extensions:/usr/lib/java:."/>
    <property name="java.vm.info" value="mixed mode"/>
    <property name="java.vendor" value="Oracle Corporation"/>
    <property name="java.vm.version" value="17.0.1+12-39"/>
    <property name="sun.io.unicode.encoding" value="UnicodeBig"/>
    <property name="socksNonProxyHosts" value="local|*.local|169.254/16|*.169.254/16"/>
    <property name="java.class.version" value="61.0"/>
  </properties>
  <testcase name="testCollides" classname="dk.sdu.mmmi.cbse.collision.CollisionDetectorTest" time="0.09">
    <system-out><![CDATA[collides
]]></system-out>
  </testcase>
</testsuite>